<?xml version="1.0" encoding="UTF-8"?>
<testng-results skipped="0" failed="0" total="1" passed="1">
  <reporter-output>
  </reporter-output>
  <suite name="Suite" duration-ms="28" started-at="2021-10-25T09:49:30Z" finished-at="2021-10-25T09:49:30Z">
    <groups>
      <group name="P2">
        <method signature="testng001.Oubox()[pri:0, instance:TestNGdemo.testng001@29ee9faa]" name="Oubox" class="TestNGdemo.testng001"/>
      </group> <!-- P2 -->
    </groups>
    <test name="Test" duration-ms="28" started-at="2021-10-25T09:49:30Z" finished-at="2021-10-25T09:49:30Z">
      <class name="TestNGdemo.testng001">
        <test-method status="PASS" signature="Oubox()[pri:0, instance:TestNGdemo.testng001@29ee9faa]" name="Oubox" duration-ms="11" started-at="2021-10-25T15:19:30Z" finished-at="2021-10-25T15:19:30Z">
          <reporter-output>
          </reporter-output>
        </test-method> <!-- Oubox -->
      </class> <!-- TestNGdemo.testng001 -->
    </test> <!-- Test -->
  </suite> <!-- Suite -->
</testng-results>
