<?xml version="1.0" encoding="UTF-8"?>
<testng-results skipped="0" failed="0" total="2" passed="2">
  <reporter-output>
  </reporter-output>
  <suite name="Suite" duration-ms="47476" started-at="2021-10-21T13:53:20Z" finished-at="2021-10-21T13:54:07Z">
    <groups>
    </groups>
    <test name="Test" duration-ms="47476" started-at="2021-10-21T13:53:20Z" finished-at="2021-10-21T13:54:07Z">
      <class name="TestNGdemo.Amzn">
        <test-method status="PASS" signature="main()[pri:0, instance:TestNGdemo.Amzn@46d56d67]" name="main" duration-ms="40569" started-at="2021-10-21T19:23:20Z" finished-at="2021-10-21T19:24:00Z">
          <reporter-output>
          </reporter-output>
        </test-method> <!-- main -->
      </class> <!-- TestNGdemo.Amzn -->
      <class name="TestNGdemo.Google">
        <test-method status="PASS" signature="test1()[pri:0, instance:TestNGdemo.Google@14acaea5]" name="test1" is-config="true" duration-ms="7" started-at="2021-10-21T19:23:20Z" finished-at="2021-10-21T19:23:20Z">
          <reporter-output>
          </reporter-output>
        </test-method> <!-- test1 -->
        <test-method status="PASS" signature="main()[pri:0, instance:TestNGdemo.Google@14acaea5]" name="main" duration-ms="47454" started-at="2021-10-21T19:23:20Z" finished-at="2021-10-21T19:24:07Z">
          <reporter-output>
          </reporter-output>
        </test-method> <!-- main -->
        <test-method status="PASS" signature="test()[pri:0, instance:TestNGdemo.Google@14acaea5]" name="test" is-config="true" duration-ms="0" started-at="2021-10-21T19:24:07Z" finished-at="2021-10-21T19:24:07Z">
          <reporter-output>
          </reporter-output>
        </test-method> <!-- test -->
      </class> <!-- TestNGdemo.Google -->
    </test> <!-- Test -->
  </suite> <!-- Suite -->
</testng-results>
